This is pdfTeX, Version 3.141592653-2.6-1.40.26 (TeX Live 2024/Arch Linux) (preloaded format=pdflatex 2024.7.23)  1 OCT 2024 03:14
entering extended mode
 restricted \write18 enabled.
 file:line:error style messages enabled.
 %&-line parsing enabled.
**/home/pouya/Desktop/Projects/howToCreateReferenceArchitectures/main.tex
(/home/pouya/Desktop/Projects/howToCreateReferenceArchitectures/main.tex
LaTeX2e <2023-11-01> patch level 1
L3 programming layer <2024-02-20>
(/usr/share/texmf-dist/tex/latex/base/article.cls
Document Class: article 2023/05/17 v1.4n Standard LaTeX document class
(/usr/share/texmf-dist/tex/latex/base/size12.clo
File: size12.clo 2023/05/17 v1.4n Standard LaTeX file (size option)
)
\c@part=\count188
\c@section=\count189
\c@subsection=\count190
\c@subsubsection=\count191
\c@paragraph=\count192
\c@subparagraph=\count193
\c@figure=\count194
\c@table=\count195
\abovecaptionskip=\skip48
\belowcaptionskip=\skip49
\bibindent=\dimen140
) (/usr/share/texmf-dist/tex/latex/base/inputenc.sty
Package: inputenc 2021/02/14 v1.3d Input encoding file
\inpenc@prehook=\toks17
\inpenc@posthook=\toks18
) (/usr/share/texmf-dist/tex/latex/amsmath/amsmath.sty
Package: amsmath 2023/05/13 v2.17o AMS math features
\@mathmargin=\skip50

For additional information on amsmath, use the `?' option.
(/usr/share/texmf-dist/tex/latex/amsmath/amstext.sty
Package: amstext 2021/08/26 v2.01 AMS text
 (/usr/share/texmf-dist/tex/latex/amsmath/amsgen.sty
File: amsgen.sty 1999/11/30 v2.0 generic functions
\@emptytoks=\toks19
\ex@=\dimen141
)) (/usr/share/texmf-dist/tex/latex/amsmath/amsbsy.sty
Package: amsbsy 1999/11/29 v1.2d Bold Symbols
\pmbraise@=\dimen142
) (/usr/share/texmf-dist/tex/latex/amsmath/amsopn.sty
Package: amsopn 2022/04/08 v2.04 operator names
)
\inf@bad=\count196
LaTeX Info: Redefining \frac on input line 234.
\uproot@=\count197
\leftroot@=\count198
LaTeX Info: Redefining \overline on input line 399.
LaTeX Info: Redefining \colon on input line 410.
\classnum@=\count199
\DOTSCASE@=\count266
LaTeX Info: Redefining \ldots on input line 496.
LaTeX Info: Redefining \dots on input line 499.
LaTeX Info: Redefining \cdots on input line 620.
\Mathstrutbox@=\box51
\strutbox@=\box52
LaTeX Info: Redefining \big on input line 722.
LaTeX Info: Redefining \Big on input line 723.
LaTeX Info: Redefining \bigg on input line 724.
LaTeX Info: Redefining \Bigg on input line 725.
\big@size=\dimen143
LaTeX Font Info:    Redeclaring font encoding OML on input line 743.
LaTeX Font Info:    Redeclaring font encoding OMS on input line 744.
\macc@depth=\count267
LaTeX Info: Redefining \bmod on input line 905.
LaTeX Info: Redefining \pmod on input line 910.
LaTeX Info: Redefining \smash on input line 940.
LaTeX Info: Redefining \relbar on input line 970.
LaTeX Info: Redefining \Relbar on input line 971.
\c@MaxMatrixCols=\count268
\dotsspace@=\muskip16
\c@parentequation=\count269
\dspbrk@lvl=\count270
\tag@help=\toks20
\row@=\count271
\column@=\count272
\maxfields@=\count273
\andhelp@=\toks21
\eqnshift@=\dimen144
\alignsep@=\dimen145
\tagshift@=\dimen146
\tagwidth@=\dimen147
\totwidth@=\dimen148
\lineht@=\dimen149
\@envbody=\toks22
\multlinegap=\skip51
\multlinetaggap=\skip52
\mathdisplay@stack=\toks23
LaTeX Info: Redefining \[ on input line 2953.
LaTeX Info: Redefining \] on input line 2954.
) (/usr/share/texmf-dist/tex/latex/amsfonts/amsfonts.sty
Package: amsfonts 2013/01/14 v3.01 Basic AMSFonts support
\symAMSa=\mathgroup4
\symAMSb=\mathgroup5
LaTeX Font Info:    Redeclaring math symbol \hbar on input line 98.
LaTeX Font Info:    Overwriting math alphabet `\mathfrak' in version `bold'
(Font)                  U/euf/m/n --> U/euf/b/n on input line 106.
) (/usr/share/texmf-dist/tex/latex/amsfonts/amssymb.sty
Package: amssymb 2013/01/14 v3.01 AMS font symbols
) (/usr/share/texmf-dist/tex/latex/graphics/graphicx.sty
Package: graphicx 2021/09/16 v1.2d Enhanced LaTeX Graphics (DPC,SPQR)
 (/usr/share/texmf-dist/tex/latex/graphics/keyval.sty
Package: keyval 2022/05/29 v1.15 key=value parser (DPC)
\KV@toks@=\toks24
) (/usr/share/texmf-dist/tex/latex/graphics/graphics.sty
Package: graphics 2022/03/10 v1.4e Standard LaTeX Graphics (DPC,SPQR)
 (/usr/share/texmf-dist/tex/latex/graphics/trig.sty
Package: trig 2021/08/11 v1.11 sin cos tan (DPC)
) (/usr/share/texmf-dist/tex/latex/graphics-cfg/graphics.cfg
File: graphics.cfg 2016/06/04 v1.11 sample graphics configuration
)
Package graphics Info: Driver file: pdftex.def on input line 107.
 (/usr/share/texmf-dist/tex/latex/graphics-def/pdftex.def
File: pdftex.def 2022/09/22 v1.2b Graphics/color driver for pdftex
))
\Gin@req@height=\dimen150
\Gin@req@width=\dimen151
) (/usr/share/texmf-dist/tex/latex/hyperref/hyperref.sty
Package: hyperref 2024-01-20 v7.01h Hypertext links for LaTeX
 (/usr/share/texmf-dist/tex/generic/iftex/iftex.sty
Package: iftex 2022/02/03 v1.0f TeX engine tests
) (/usr/share/texmf-dist/tex/latex/kvsetkeys/kvsetkeys.sty
Package: kvsetkeys 2022-10-05 v1.19 Key value parser (HO)
) (/usr/share/texmf-dist/tex/generic/kvdefinekeys/kvdefinekeys.sty
Package: kvdefinekeys 2019-12-19 v1.6 Define keys (HO)
) (/usr/share/texmf-dist/tex/generic/pdfescape/pdfescape.sty
Package: pdfescape 2019/12/09 v1.15 Implements pdfTeX's escape features (HO)
 (/usr/share/texmf-dist/tex/generic/ltxcmds/ltxcmds.sty
Package: ltxcmds 2023-12-04 v1.26 LaTeX kernel commands for general use (HO)
) (/usr/share/texmf-dist/tex/generic/pdftexcmds/pdftexcmds.sty
Package: pdftexcmds 2020-06-27 v0.33 Utility functions of pdfTeX for LuaTeX (HO)
 (/usr/share/texmf-dist/tex/generic/infwarerr/infwarerr.sty
Package: infwarerr 2019/12/03 v1.5 Providing info/warning/error messages (HO)
)
Package pdftexcmds Info: \pdf@primitive is available.
Package pdftexcmds Info: \pdf@ifprimitive is available.
Package pdftexcmds Info: \pdfdraftmode found.
)) (/usr/share/texmf-dist/tex/latex/hycolor/hycolor.sty
Package: hycolor 2020-01-27 v1.10 Color options for hyperref/bookmark (HO)
) (/usr/share/texmf-dist/tex/latex/auxhook/auxhook.sty
Package: auxhook 2019-12-17 v1.6 Hooks for auxiliary files (HO)
) (/usr/share/texmf-dist/tex/latex/hyperref/nameref.sty
Package: nameref 2023-11-26 v2.56 Cross-referencing by name of section
 (/usr/share/texmf-dist/tex/latex/refcount/refcount.sty
Package: refcount 2019/12/15 v3.6 Data extraction from label references (HO)
) (/usr/share/texmf-dist/tex/generic/gettitlestring/gettitlestring.sty
Package: gettitlestring 2019/12/15 v1.6 Cleanup title references (HO)
 (/usr/share/texmf-dist/tex/latex/kvoptions/kvoptions.sty
Package: kvoptions 2022-06-15 v3.15 Key value format for package options (HO)
))
\c@section@level=\count274
) (/usr/share/texmf-dist/tex/latex/etoolbox/etoolbox.sty
Package: etoolbox 2020/10/05 v2.5k e-TeX tools for LaTeX (JAW)
\etb@tempcnta=\count275
)
\@linkdim=\dimen152
\Hy@linkcounter=\count276
\Hy@pagecounter=\count277
 (/usr/share/texmf-dist/tex/latex/hyperref/pd1enc.def
File: pd1enc.def 2024-01-20 v7.01h Hyperref: PDFDocEncoding definition (HO)
Now handling font encoding PD1 ...
... no UTF-8 mapping file for font encoding PD1
) (/usr/share/texmf-dist/tex/generic/intcalc/intcalc.sty
Package: intcalc 2019/12/15 v1.3 Expandable calculations with integers (HO)
)
\Hy@SavedSpaceFactor=\count278
 (/usr/share/texmf-dist/tex/latex/hyperref/puenc.def
File: puenc.def 2024-01-20 v7.01h Hyperref: PDF Unicode definition (HO)
Now handling font encoding PU ...
... no UTF-8 mapping file for font encoding PU
)
Package hyperref Info: Hyper figures OFF on input line 4179.
Package hyperref Info: Link nesting OFF on input line 4184.
Package hyperref Info: Hyper index ON on input line 4187.
Package hyperref Info: Plain pages OFF on input line 4194.
Package hyperref Info: Backreferencing OFF on input line 4199.
Package hyperref Info: Implicit mode ON; LaTeX internals redefined.
Package hyperref Info: Bookmarks ON on input line 4446.
\c@Hy@tempcnt=\count279
 (/usr/share/texmf-dist/tex/latex/url/url.sty
\Urlmuskip=\muskip17
Package: url 2013/09/16  ver 3.4  Verb mode for urls, etc.
)
LaTeX Info: Redefining \url on input line 4784.
\XeTeXLinkMargin=\dimen153
 (/usr/share/texmf-dist/tex/generic/bitset/bitset.sty
Package: bitset 2019/12/09 v1.3 Handle bit-vector datatype (HO)
 (/usr/share/texmf-dist/tex/generic/bigintcalc/bigintcalc.sty
Package: bigintcalc 2019/12/15 v1.5 Expandable calculations on big integers (HO)
))
\Fld@menulength=\count280
\Field@Width=\dimen154
\Fld@charsize=\dimen155
Package hyperref Info: Hyper figures OFF on input line 6063.
Package hyperref Info: Link nesting OFF on input line 6068.
Package hyperref Info: Hyper index ON on input line 6071.
Package hyperref Info: backreferencing OFF on input line 6078.
Package hyperref Info: Link coloring OFF on input line 6083.
Package hyperref Info: Link coloring with OCG OFF on input line 6088.
Package hyperref Info: PDF/A mode OFF on input line 6093.
 (/usr/share/texmf-dist/tex/latex/base/atbegshi-ltx.sty
Package: atbegshi-ltx 2021/01/10 v1.0c Emulation of the original atbegshi
package with kernel methods
)
\Hy@abspage=\count281
\c@Item=\count282
\c@Hfootnote=\count283
)
Package hyperref Info: Driver (autodetected): hpdftex.
 (/usr/share/texmf-dist/tex/latex/hyperref/hpdftex.def
File: hpdftex.def 2024-01-20 v7.01h Hyperref driver for pdfTeX
 (/usr/share/texmf-dist/tex/latex/base/atveryend-ltx.sty
Package: atveryend-ltx 2020/08/19 v1.0a Emulation of the original atveryend package
with kernel methods
)
\Fld@listcount=\count284
\c@bookmark@seq@number=\count285
 (/usr/share/texmf-dist/tex/latex/rerunfilecheck/rerunfilecheck.sty
Package: rerunfilecheck 2022-07-10 v1.10 Rerun checks for auxiliary files (HO)
 (/usr/share/texmf-dist/tex/generic/uniquecounter/uniquecounter.sty
Package: uniquecounter 2019/12/15 v1.4 Provide unlimited unique counter (HO)
)
Package uniquecounter Info: New unique counter `rerunfilecheck' on input line 285.
)
\Hy@SectionHShift=\skip53
) (/usr/share/texmf-dist/tex/latex/natbib/natbib.sty
Package: natbib 2010/09/13 8.31b (PWD, AO)
\bibhang=\skip54
\bibsep=\skip55
LaTeX Info: Redefining \cite on input line 694.
\c@NAT@ctr=\count286
) (/usr/share/texmf-dist/tex/latex/l3backend/l3backend-pdftex.def
File: l3backend-pdftex.def 2024-02-20 L3 backend support: PDF output (pdfTeX)
\l__color_backend_stack_int=\count287
\l__pdf_internal_box=\box53
) (./main.aux)
\openout1 = `main.aux'.

LaTeX Font Info:    Checking defaults for OML/cmm/m/it on input line 14.
LaTeX Font Info:    ... okay on input line 14.
LaTeX Font Info:    Checking defaults for OMS/cmsy/m/n on input line 14.
LaTeX Font Info:    ... okay on input line 14.
LaTeX Font Info:    Checking defaults for OT1/cmr/m/n on input line 14.
LaTeX Font Info:    ... okay on input line 14.
LaTeX Font Info:    Checking defaults for T1/cmr/m/n on input line 14.
LaTeX Font Info:    ... okay on input line 14.
LaTeX Font Info:    Checking defaults for TS1/cmr/m/n on input line 14.
LaTeX Font Info:    ... okay on input line 14.
LaTeX Font Info:    Checking defaults for OMX/cmex/m/n on input line 14.
LaTeX Font Info:    ... okay on input line 14.
LaTeX Font Info:    Checking defaults for U/cmr/m/n on input line 14.
LaTeX Font Info:    ... okay on input line 14.
LaTeX Font Info:    Checking defaults for PD1/pdf/m/n on input line 14.
LaTeX Font Info:    ... okay on input line 14.
LaTeX Font Info:    Checking defaults for PU/pdf/m/n on input line 14.
LaTeX Font Info:    ... okay on input line 14.
 (/usr/share/texmf-dist/tex/context/base/mkii/supp-pdf.mkii
[Loading MPS to PDF converter (version 2006.09.02).]
\scratchcounter=\count288
\scratchdimen=\dimen156
\scratchbox=\box54
\nofMPsegments=\count289
\nofMParguments=\count290
\everyMPshowfont=\toks25
\MPscratchCnt=\count291
\MPscratchDim=\dimen157
\MPnumerator=\count292
\makeMPintoPDFobject=\count293
\everyMPtoPDFconversion=\toks26
) (/usr/share/texmf-dist/tex/latex/epstopdf-pkg/epstopdf-base.sty
Package: epstopdf-base 2020-01-24 v2.11 Base part for package epstopdf
Package epstopdf-base Info: Redefining graphics rule for `.eps' on input line 485.
 (/usr/share/texmf-dist/tex/latex/latexconfig/epstopdf-sys.cfg
File: epstopdf-sys.cfg 2010/07/13 v1.3 Configuration of (r)epstopdf for TeX Live
))
Package hyperref Info: Link coloring OFF on input line 14.
 (./main.out) (./main.out)
\@outlinefile=\write3
\openout3 = `main.out'.

LaTeX Font Info:    Trying to load font information for U+msa on input line 17.
 (/usr/share/texmf-dist/tex/latex/amsfonts/umsa.fd
File: umsa.fd 2013/01/14 v3.01 AMS symbols A
)
LaTeX Font Info:    Trying to load font information for U+msb on input line 17.
 (/usr/share/texmf-dist/tex/latex/amsfonts/umsb.fd
File: umsb.fd 2013/01/14 v3.01 AMS symbols B
) [1

{/var/lib/texmf/fonts/map/pdftex/updmap/pdftex.map}]

Package natbib Warning: Citation `Nakagawa2023' on page 2 undefined on input line 53.

<assets/methodologyPhases.png, id=113, 710.655pt x 955.57pt>
File: assets/methodologyPhases.png Graphic file (type png)
<use assets/methodologyPhases.png>
Package pdftex.def Info: assets/methodologyPhases.png  used on input line 56.
(pdftex.def)             Requested size: 390.0pt x 524.41324pt.

Overfull \hbox (17.62482pt too wide) in paragraph at lines 56--57
[][] 
 []

[2{/usr/share/texmf-dist/fonts/enc/dvips/cm-super/cm-super-ts1.enc}] [3 <./assets/methodologyPhases.png (PNG copy)>]

Package natbib Warning: Citation `Kitchenham2004' on page 4 undefined on input line 63.


Package natbib Warning: Citation `Freeman2010' on page 4 undefined on input line 65.


Overfull \hbox (0.21402pt too wide) in paragraph at lines 77--78
[]\OT1/cmr/m/n/12 Alignment with De-sign Sci-ence Re-search prin-ci-ples ([]Hevner et al.[], []2004[]) 
 []


Package natbib Warning: Citation `Nakagawa2023' on page 4 undefined on input line 78.


Overfull \hbox (1.58351pt too wide) in paragraph at lines 87--88
[]\OT1/cmr/m/n/12 Systematic Lit-er-a-ture Re-view (SLR) of aca-demic sources ([]Kitchen-
 []


Package natbib Warning: Citation `Dalkey1963' on page 4 undefined on input line 90.

[4]

Package natbib Warning: Citation `Sharp2016' on page 5 undefined on input line 91.


Package natbib Warning: Citation `Linaker2015' on page 5 undefined on input line 92.


Package natbib Warning: Citation `Braun2006' on page 5 undefined on input line 96.


Package natbib Warning: Citation `Stol2016' on page 5 undefined on input line 97.


Package natbib Warning: Citation `Yin2017' on page 5 undefined on input line 98.


Package natbib Warning: Citation `Pohl2005' on page 5 undefined on input line 99.


Package natbib Warning: Citation `Nakagawa2023' on page 5 undefined on input line 110.


Overfull \hbox (0.45714pt too wide) in paragraph at lines 122--123
[]\OT1/cmr/m/n/12 Application of ISO/IEC/IEEE 29148:2018 stan-dard ([]In-ter-na-tional
 []


Package natbib Warning: Citation `Barbacci2003' on page 5 undefined on input line 123.


Package natbib Warning: Citation `Bass2003' on page 5 undefined on input line 124.


Package natbib Warning: Citation `Kazman2000' on page 5 undefined on input line 125.

[5]

Package natbib Warning: Citation `Dalkey1963' on page 6 undefined on input line 126.


Package natbib Warning: Citation `Nakagawa2023' on page 6 undefined on input line 136.


Package natbib Warning: Citation `Mavin2009' on page 6 undefined on input line 138.


Overfull \hbox (2.24588pt too wide) in paragraph at lines 138--139
[]\OT1/cmr/m/n/12 Integration with model-based re-quire-ments en-gi-neer-ing ap-proaches
 []


Package natbib Warning: Citation `Glaser1967' on page 6 undefined on input line 150.


Package natbib Warning: Citation `Noblit1988' on page 6 undefined on input line 151.

[6]

Package natbib Warning: Citation `Nakagawa2023' on page 7 undefined on input line 163.


Package natbib Warning: Citation `Kallinikos2006' on page 7 undefined on input line 164.


Package natbib Warning: Citation `Bertalanffy1968' on page 7 undefined on input line 165.


Package natbib Warning: Citation `Baxter2011' on page 7 undefined on input line 166.


Overfull \hbox (12.43575pt too wide) in paragraph at lines 185--185
[]\OT1/cmr/bx/n/17.28 Translating The-o-ries into Ar-chi-tec-tural Con-
 []


Package natbib Warning: Citation `Eden2006' on page 7 undefined on input line 190.


Package natbib Warning: Citation `Nakagawa2023' on page 7 undefined on input line 192.


Package natbib Warning: Citation `Medvidovic2000' on page 7 undefined on input line 193.


Package natbib Warning: Citation `Bass2003' on page 7 undefined on input line 194.

[7] [8]

Package natbib Warning: Citation `OMG2017' on page 9 undefined on input line 238.


Package natbib Warning: Citation `Medvidovic2000' on page 9 undefined on input line 239.


Package natbib Warning: Citation `Feiler2012' on page 9 undefined on input line 240.


Package natbib Warning: Citation `Estefan2007' on page 9 undefined on input line 241.


Package natbib Warning: Citation `Rozanski2012' on page 9 undefined on input line 245.


Package natbib Warning: Citation `Tyree2005' on page 9 undefined on input line 249.


Overfull \hbox (2.77226pt too wide) in paragraph at lines 254--255
[]\OT1/cmr/m/n/12 Structural views (e.g., com-po-nent di-a-grams, de-ploy-ment di-a-grams) 
 []

[9]

Package natbib Warning: Citation `Maier2009' on page 10 undefined on input line 272.


Package natbib Warning: Citation `Schmidt2006' on page 10 undefined on input line 277.


Package natbib Warning: Citation `Nakagawa2023' on page 10 undefined on input line 278.


Package natbib Warning: Citation `Clements2010' on page 10 undefined on input line 288.


Package natbib Warning: Citation `Finkelstein1992' on page 10 undefined on input line 289.


Package natbib Warning: Citation `Adolphs2015' on page 10 undefined on input line 291.

[10]

Package natbib Warning: Citation `Rozanski2012' on page 11 undefined on input line 300.


Package natbib Warning: Citation `Rozanski2012' on page 11 undefined on input line 301.


Package natbib Warning: Citation `Tyree2005' on page 11 undefined on input line 310.


Package natbib Warning: Citation `Mader2009' on page 11 undefined on input line 314.


Package natbib Warning: Citation `Egyed2007' on page 11 undefined on input line 315.


Package natbib Warning: Citation `Fradet2008' on page 11 undefined on input line 316.


Package natbib Warning: Citation `Rozanski2012' on page 11 undefined on input line 328.


Package natbib Warning: Citation `Schmidt2006' on page 11 undefined on input line 331.


Package natbib Warning: Citation `Farenhorst2007' on page 11 undefined on input line 332.

[11]

Package natbib Warning: Citation `Kazman2000' on page 12 undefined on input line 333.


Package natbib Warning: Citation `Nakagawa2023' on page 12 undefined on input line 334.


Package natbib Warning: Citation `Kazman2000' on page 12 undefined on input line 346.


Package natbib Warning: Citation `Dobrica2002' on page 12 undefined on input line 347.


Package natbib Warning: Citation `Gorton2006' on page 12 undefined on input line 348.


Package natbib Warning: Citation `Baier2008' on page 12 undefined on input line 349.


Package natbib Warning: Citation `Nakagawa2023' on page 12 undefined on input line 358.

[12]

Package natbib Warning: Citation `Nakagawa2023' on page 13 undefined on input line 385.


Package natbib Warning: Citation `Bass2003' on page 13 undefined on input line 386.

[13]

Package natbib Warning: Citation `Buschmann2007' on page 14 undefined on input line 398.


Package natbib Warning: Citation `Schmidt2006' on page 14 undefined on input line 399.


Package natbib Warning: Citation `Hanschke2010' on page 14 undefined on input line 403.


Package natbib Warning: Citation `Bredemeyer2002' on page 14 undefined on input line 404.


Package natbib Warning: Citation `Zimmermann2015' on page 14 undefined on input line 405.


Package natbib Warning: Citation `Ross2006' on page 14 undefined on input line 411.


Package natbib Warning: Citation `Bass2003' on page 14 undefined on input line 413.


Package natbib Warning: Citation `Chung2012' on page 14 undefined on input line 414.


Package natbib Warning: Citation `Lange2016' on page 14 undefined on input line 415.


Package natbib Warning: Citation `Zimmermann2015' on page 14 undefined on input line 427.


Package natbib Warning: Citation `Kruchten2006' on page 14 undefined on input line 428.


Package natbib Warning: Citation `Clements2010' on page 14 undefined on input line 429.

[14]

Package natbib Warning: Citation `Madison2010' on page 15 undefined on input line 435.


Package natbib Warning: Citation `Bass2015' on page 15 undefined on input line 436.


Package natbib Warning: Citation `Newman2015' on page 15 undefined on input line 437.


Package natbib Warning: Citation `Nakagawa2023' on page 15 undefined on input line 438.


Overfull \hbox (8.025pt too wide) in paragraph at lines 447--448
[]\OT1/cmr/m/n/12 Continuous re-fine-ment tech-niques and adap-ta-tion mech-a-nisms ([]Eix-
 []


Package natbib Warning: Citation `Garlan2009' on page 15 undefined on input line 448.


Package natbib Warning: Citation `Lehnert2013' on page 15 undefined on input line 449.


Package natbib Warning: Citation `Estublier2005' on page 15 undefined on input line 450.


Package natbib Warning: Citation `Farenhorst2007' on page 15 undefined on input line 451.


Package natbib Warning: Citation `Kazman2000' on page 15 undefined on input line 455.


Package natbib Warning: Citation `Perry1992' on page 15 undefined on input line 456.


Package natbib Warning: Citation `Bosch2004' on page 15 undefined on input line 457.


Package natbib Warning: Citation `Mens2008' on page 15 undefined on input line 458.


Package natbib Warning: Citation `Jansen2009' on page 15 undefined on input line 459.


Package natbib Warning: Citation `Ozkaya2008' on page 15 undefined on input line 463.


Package natbib Warning: Citation `Kruchten2012' on page 15 undefined on input line 464.


Package natbib Warning: Citation `Garlan2009' on page 15 undefined on input line 465.

[15]

Package natbib Warning: Citation `Nakagawa2023' on page 16 undefined on input line 466.


Package natbib Warning: Citation `Cleland-Huang2012' on page 16 undefined on input line 467.


Package natbib Warning: Citation `Baldwin2000' on page 16 undefined on input line 471.


Package natbib Warning: Citation `Buschmann2007' on page 16 undefined on input line 473.


Package natbib Warning: Citation `Newman2015' on page 16 undefined on input line 474.


Package natbib Warning: Citation `Hodgson2017' on page 16 undefined on input line 475.


Package natbib Warning: Citation `Kruchten2006' on page 16 undefined on input line 487.


Package natbib Warning: Citation `Bosch2004' on page 16 undefined on input line 488.


Package natbib Warning: Citation `Garlan2009' on page 16 undefined on input line 489.


Package natbib Warning: Citation `Zimmermann2015' on page 16 undefined on input line 490.


Package natbib Warning: Citation `Farenhorst2007' on page 16 undefined on input line 491.

[16]

Package natbib Warning: Citation `Nakagawa2023' on page 17 undefined on input line 499.


Package natbib Warning: Citation `Nakagawa2023' on page 17 undefined on input line 506.


Package natbib Warning: Citation `Nakagawa2023' on page 17 undefined on input line 513.

(./main.bbl [17] [18] [19])

Package natbib Warning: There were undefined citations.

[20] (./main.aux)
 ***********
LaTeX2e <2023-11-01> patch level 1
L3 programming layer <2024-02-20>
 ***********
Package rerunfilecheck Info: File `main.out' has not changed.
(rerunfilecheck)             Checksum: DD980084242280724542FF8905ED233A;2433.
 ) 
Here is how much of TeX's memory you used:
 10082 strings out of 476076
 151279 string characters out of 5793775
 1936187 words of memory out of 5000000
 32013 multiletter control sequences out of 15000+600000
 562862 words of font info for 54 fonts, out of 8000000 for 9000
 14 hyphenation exceptions out of 8191
 75i,6n,79p,873b,602s stack positions out of 10000i,1000n,20000p,200000b,200000s
</usr/share/texmf-dist/fonts/type1/public/amsfonts/cm/cmbx12.pfb></usr/share/texmf-dist/fonts/type1/public/amsfonts/cm/cmr12.pfb></usr/share/texmf-dist/fonts/type1/public/amsfonts/cm/cmr17.pfb></usr/share/texmf-dist/fonts/type1/public/amsfonts/cm/cmti12.pfb></usr/share/texmf-dist/fonts/type1/public/cm-super/sfrm1200.pfb>
Output written on main.pdf (20 pages, 211178 bytes).
PDF statistics:
 339 PDF objects out of 1000 (max. 8388607)
 302 compressed objects within 4 object streams
 69 named destinations out of 1000 (max. 500000)
 126 words of extra memory for PDF output out of 10000 (max. 10000000)

